This is pdfTeX, Version 3.1415926-1.40.10 (TeX Live 2009/Debian) (format=pdflatex 2013.7.17)  17 SEP 2013 16:58
entering extended mode
 %&-line parsing enabled.
**main.tex
(./main.tex
LaTeX2e <2009/09/24>
Babel <v3.8l> and hyphenation patterns for english, usenglishmax, dumylang, noh
yphenation, loaded.
(/usr/share/texmf-texlive/tex/latex/base/book.cls
Document Class: book 2007/10/19 v1.4h Standard LaTeX document class
(/usr/share/texmf-texlive/tex/latex/base/bk11.clo
File: bk11.clo 2007/10/19 v1.4h Standard LaTeX file (size option)
)
\c@part=\count79
\c@chapter=\count80
\c@section=\count81
\c@subsection=\count82
\c@subsubsection=\count83
\c@paragraph=\count84
\c@subparagraph=\count85
\c@figure=\count86
\c@table=\count87
\abovecaptionskip=\skip41
\belowcaptionskip=\skip42
\bibindent=\dimen102
) (./main.aux)
\openout1 = `main.aux'.

LaTeX Font Info:    Checking defaults for OML/cmm/m/it on input line 8.
LaTeX Font Info:    ... okay on input line 8.
LaTeX Font Info:    Checking defaults for T1/cmr/m/n on input line 8.
LaTeX Font Info:    ... okay on input line 8.
LaTeX Font Info:    Checking defaults for OT1/cmr/m/n on input line 8.
LaTeX Font Info:    ... okay on input line 8.
LaTeX Font Info:    Checking defaults for OMS/cmsy/m/n on input line 8.
LaTeX Font Info:    ... okay on input line 8.
LaTeX Font Info:    Checking defaults for OMX/cmex/m/n on input line 8.
LaTeX Font Info:    ... okay on input line 8.
LaTeX Font Info:    Checking defaults for U/cmr/m/n on input line 8.
LaTeX Font Info:    ... okay on input line 8.
LaTeX Font Info:    External font `cmex10' loaded for size
(Font)              <12> on input line 9.
LaTeX Font Info:    External font `cmex10' loaded for size
(Font)              <8> on input line 9.
LaTeX Font Info:    External font `cmex10' loaded for size
(Font)              <6> on input line 9.
 [1


{/var/lib/texmf/fonts/map/pdftex/updmap/pdftex.map}] [2

] (./main.toc)
\tf@toc=\write3
\openout3 = `main.toc'.

 [1

] [2

] (./main.lof)
\tf@lof=\write4
\openout4 = `main.lof'.


[3] [4

] (./main.aux) ) 
Here is how much of TeX's memory you used:
 256 strings out of 495061
 2664 string characters out of 1182621
 46880 words of memory out of 3000000
 3503 multiletter control sequences out of 15000+50000
 7581 words of font info for 27 fonts, out of 3000000 for 9000
 28 hyphenation exceptions out of 8191
 21i,6n,19p,150b,179s stack positions out of 5000i,500n,10000p,200000b,50000s
</usr/share/texmf-texlive/fonts/type1/public/amsfonts/cm/cmbx12
.pfb></usr/share/texmf-texlive/fonts/type1/public/amsfonts/cm/cmr10.pfb></usr/s
hare/texmf-texlive/fonts/type1/public/amsfonts/cm/cmr12.pfb></usr/share/texmf-t
exlive/fonts/type1/public/amsfonts/cm/cmr17.pfb>
Output written on main.pdf (6 pages, 45764 bytes).
PDF statistics:
 37 PDF objects out of 1000 (max. 8388607)
 0 named destinations out of 1000 (max. 500000)
 1 words of extra memory for PDF output out of 10000 (max. 10000000)

